<?xml version="1.0" encoding="UTF-8"?>
<!-- Generated by org.testng.reporters.JUnitReportReporter -->
<testsuite hostname="Magl" name="Yixin.testScript.App_init_Test" tests="1" failures="0" timestamp="23 Jul 2017 07:41:43 GMT" time="1.104" errors="1">
  <testcase name="Test_Startup" time="1.104" classname="Yixin.testScript.App_init_Test">
    <error type="org.openqa.selenium.NoSuchElementException" message="An element could not be located on the page using the given search parameters. (WARNING: The server did not provide any stacktrace information)
Command duration or timeout: 697 milliseconds
For documentation on this error, please visit: http://seleniumhq.org/exceptions/no_such_element.html
Build info: version: &#039;2.48.0&#039;, revision: &#039;b7b081a&#039;, time: &#039;2015-10-07 15:45:39&#039;
System info: host: &#039;Magl&#039;, ip: &#039;192.168.13.1&#039;, os.name: &#039;Windows 8&#039;, os.arch: &#039;amd64&#039;, os.version: &#039;6.2&#039;, java.version: &#039;1.7.0_67&#039;
*** Element info: {Using=id, value=com.taoche.yixin.app:id/rl_old_car}
Session ID: 6fbfd25b-6dc5-459c-802c-8dc122499d32
Driver info: io.appium.java_client.android.AndroidDriver
Capabilities [{platform=LINUX, app=E:\Work\Yixin\package\taoche.apk, javascriptEnabled=true, appActivity=com.taoche.yixin.app.activity.home.AppstartActivity, browserName=Android, networkConnectionEnabled=true, desired={platformVersion=4.3, app=E:\Work\Yixin\package\taoche.apk, restKeyboard=true, platformName=Android, deviceName=Q505T, appActivity=com.taoche.yixin.app.activity.home.AppstartActivity, appWaitActivity=com.taoche.yixin.app.activity.home.AppstartActivity, unicodeKeyboard=true, appPackage=com.taoche.yixin.app, noReset=true}, locationContextEnabled=false, appPackage=com.taoche.yixin.app, noReset=true, platformVersion=4.3, databaseEnabled=false, restKeyboard=true, platformName=Android, deviceName=Q505T, appWaitActivity=com.taoche.yixin.app.activity.home.AppstartActivity, webStorageEnabled=false, unicodeKeyboard=true, warnings={}, takesScreenshot=true}]">
      <![CDATA[org.openqa.selenium.NoSuchElementException: An element could not be located on the page using the given search parameters. (WARNING: The server did not provide any stacktrace information)
Command duration or timeout: 697 milliseconds
For documentation on this error, please visit: http://seleniumhq.org/exceptions/no_such_element.html
Build info: version: '2.48.0', revision: 'b7b081a', time: '2015-10-07 15:45:39'
System info: host: 'Magl', ip: '192.168.13.1', os.name: 'Windows 8', os.arch: 'amd64', os.version: '6.2', java.version: '1.7.0_67'
*** Element info: {Using=id, value=com.taoche.yixin.app:id/rl_old_car}
Session ID: 6fbfd25b-6dc5-459c-802c-8dc122499d32
Driver info: io.appium.java_client.android.AndroidDriver
Capabilities [{platform=LINUX, app=E:\Work\Yixin\package\taoche.apk, javascriptEnabled=true, appActivity=com.taoche.yixin.app.activity.home.AppstartActivity, browserName=Android, networkConnectionEnabled=true, desired={platformVersion=4.3, app=E:\Work\Yixin\package\taoche.apk, restKeyboard=true, platformName=Android, deviceName=Q505T, appActivity=com.taoche.yixin.app.activity.home.AppstartActivity, appWaitActivity=com.taoche.yixin.app.activity.home.AppstartActivity, unicodeKeyboard=true, appPackage=com.taoche.yixin.app, noReset=true}, locationContextEnabled=false, appPackage=com.taoche.yixin.app, noReset=true, platformVersion=4.3, databaseEnabled=false, restKeyboard=true, platformName=Android, deviceName=Q505T, appWaitActivity=com.taoche.yixin.app.activity.home.AppstartActivity, webStorageEnabled=false, unicodeKeyboard=true, warnings={}, takesScreenshot=true}]
	at sun.reflect.NativeConstructorAccessorImpl.newInstance0(Native Method)
	at sun.reflect.NativeConstructorAccessorImpl.newInstance(Unknown Source)
	at sun.reflect.DelegatingConstructorAccessorImpl.newInstance(Unknown Source)
	at java.lang.reflect.Constructor.newInstance(Unknown Source)
	at org.openqa.selenium.remote.ErrorHandler.createThrowable(ErrorHandler.java:206)
	at org.openqa.selenium.remote.ErrorHandler.throwIfResponseFailed(ErrorHandler.java:158)
	at org.openqa.selenium.remote.RemoteWebDriver.execute(RemoteWebDriver.java:647)
	at io.appium.java_client.AppiumDriver.execute(AppiumDriver.java:180)
	at org.openqa.selenium.remote.RemoteWebDriver.findElement(RemoteWebDriver.java:353)
	at org.openqa.selenium.remote.RemoteWebDriver.findElementById(RemoteWebDriver.java:403)
	at org.openqa.selenium.By$ById.findElement(By.java:218)
	at org.openqa.selenium.remote.RemoteWebDriver.findElement(RemoteWebDriver.java:345)
	at Yixin.util.App_BaseCase.beforeMethod(App_BaseCase.java:84)
	at sun.reflect.NativeMethodAccessorImpl.invoke0(Native Method)
	at sun.reflect.NativeMethodAccessorImpl.invoke(Unknown Source)
	at sun.reflect.DelegatingMethodAccessorImpl.invoke(Unknown Source)
	at java.lang.reflect.Method.invoke(Unknown Source)
	at org.testng.internal.MethodInvocationHelper.invokeMethod(MethodInvocationHelper.java:85)
	at org.testng.internal.Invoker.invokeConfigurationMethod(Invoker.java:510)
	at org.testng.internal.Invoker.invokeConfigurations(Invoker.java:211)
	at org.testng.internal.Invoker.invokeMethod(Invoker.java:585)
	at org.testng.internal.Invoker.invokeTestMethod(Invoker.java:816)
	at org.testng.internal.Invoker.invokeTestMethods(Invoker.java:1124)
	at org.testng.internal.TestMethodWorker.invokeTestMethods(TestMethodWorker.java:125)
	at org.testng.internal.TestMethodWorker.run(TestMethodWorker.java:108)
	at org.testng.TestRunner.privateRun(TestRunner.java:774)
	at org.testng.TestRunner.run(TestRunner.java:624)
	at org.testng.SuiteRunner.runTest(SuiteRunner.java:359)
	at org.testng.SuiteRunner.runSequentially(SuiteRunner.java:354)
	at org.testng.SuiteRunner.privateRun(SuiteRunner.java:312)
	at org.testng.SuiteRunner.run(SuiteRunner.java:261)
	at org.testng.SuiteRunnerWorker.runSuite(SuiteRunnerWorker.java:52)
	at org.testng.SuiteRunnerWorker.run(SuiteRunnerWorker.java:86)
	at org.testng.TestNG.runSuitesSequentially(TestNG.java:1191)
	at org.testng.TestNG.runSuitesLocally(TestNG.java:1116)
	at org.testng.TestNG.run(TestNG.java:1024)
	at org.testng.remote.RemoteTestNG.run(RemoteTestNG.java:112)
	at org.testng.remote.RemoteTestNG.initAndRun(RemoteTestNG.java:205)
	at org.testng.remote.RemoteTestNG.main(RemoteTestNG.java:176)
]]>
    </error>
  </testcase> <!-- Test_Startup -->
</testsuite> <!-- Yixin.testScript.App_init_Test -->
